<?xml version="1.0" encoding="UTF-8"?>
<!-- Generated by org.testng.reporters.JUnitReportReporter -->
<testsuite hostname="IBM343-R9VNLFN" name="com.pack.HeadLess.TC_Demo" tests="1" failures="0" timestamp="30 Jan 2017 22:09:19 GMT" time="4.401" errors="0">
  <testcase name="verifyFaceBookTitle" time="4.401" classname="com.pack.HeadLess.TC_Demo"/>
</testsuite> <!-- com.pack.HeadLess.TC_Demo -->
